ARM GAS  C:\Users\valer\AppData\Local\Temp\ccD3yX1h.s 			page 1


   1              		.cpu cortex-m4
   2              		.arch armv7e-m
   3              		.fpu fpv4-sp-d16
   4              		.eabi_attribute 27, 1
   5              		.eabi_attribute 28, 1
   6              		.eabi_attribute 20, 1
   7              		.eabi_attribute 21, 1
   8              		.eabi_attribute 23, 3
   9              		.eabi_attribute 24, 1
  10              		.eabi_attribute 25, 1
  11              		.eabi_attribute 26, 1
  12              		.eabi_attribute 30, 1
  13              		.eabi_attribute 34, 1
  14              		.eabi_attribute 18, 4
  15              		.file	"analog_filter.c"
  16              		.text
  17              	.Ltext0:
  18              		.cfi_sections	.debug_frame
  19              		.file 1 "Core/Src/analog_filter.c"
  20              		.section	.text.initFilter,"ax",%progbits
  21              		.align	1
  22              		.global	initFilter
  23              		.syntax unified
  24              		.thumb
  25              		.thumb_func
  27              	initFilter:
  28              	.LVL0:
  29              	.LFB0:
   1:Core/Src/analog_filter.c **** #include "analog_filter.h"
   2:Core/Src/analog_filter.c **** 
   3:Core/Src/analog_filter.c **** void initFilter(MovingAverageFilter* filter) {
  30              		.loc 1 3 46 view -0
  31              		.cfi_startproc
  32              		@ args = 0, pretend = 0, frame = 0
  33              		@ frame_needed = 0, uses_anonymous_args = 0
  34              		.loc 1 3 46 is_stmt 0 view .LVU1
  35 0000 10B5     		push	{r4, lr}
  36              		.cfi_def_cfa_offset 8
  37              		.cfi_offset 4, -8
  38              		.cfi_offset 14, -4
  39 0002 0446     		mov	r4, r0
   4:Core/Src/analog_filter.c ****     memset(filter->buffer, 0, sizeof(filter->buffer));
  40              		.loc 1 4 5 is_stmt 1 view .LVU2
  41 0004 4FF41672 		mov	r2, #600
  42 0008 0021     		movs	r1, #0
  43 000a FFF7FEFF 		bl	memset
  44              	.LVL1:
   5:Core/Src/analog_filter.c ****     filter->sum = 0;
  45              		.loc 1 5 5 view .LVU3
  46              		.loc 1 5 17 is_stmt 0 view .LVU4
  47 000e 0023     		movs	r3, #0
  48 0010 C4F85832 		str	r3, [r4, #600]
   6:Core/Src/analog_filter.c ****     filter->index = 0;
  49              		.loc 1 6 5 is_stmt 1 view .LVU5
  50              		.loc 1 6 19 is_stmt 0 view .LVU6
  51 0014 84F85C32 		strb	r3, [r4, #604]
   7:Core/Src/analog_filter.c ****     filter->count = 0;
ARM GAS  C:\Users\valer\AppData\Local\Temp\ccD3yX1h.s 			page 2


  52              		.loc 1 7 5 is_stmt 1 view .LVU7
  53              		.loc 1 7 19 is_stmt 0 view .LVU8
  54 0018 84F85D32 		strb	r3, [r4, #605]
   8:Core/Src/analog_filter.c **** }
  55              		.loc 1 8 1 view .LVU9
  56 001c 10BD     		pop	{r4, pc}
  57              		.loc 1 8 1 view .LVU10
  58              		.cfi_endproc
  59              	.LFE0:
  61              		.section	.text.updateFilter,"ax",%progbits
  62              		.align	1
  63              		.global	updateFilter
  64              		.syntax unified
  65              		.thumb
  66              		.thumb_func
  68              	updateFilter:
  69              	.LVL2:
  70              	.LFB1:
   9:Core/Src/analog_filter.c **** 
  10:Core/Src/analog_filter.c **** int32_t updateFilter(MovingAverageFilter* filter, int32_t newValue) {
  71              		.loc 1 10 69 is_stmt 1 view -0
  72              		.cfi_startproc
  73              		@ args = 0, pretend = 0, frame = 0
  74              		@ frame_needed = 0, uses_anonymous_args = 0
  75              		.loc 1 10 69 is_stmt 0 view .LVU12
  76 0000 00B5     		push	{lr}
  77              		.cfi_def_cfa_offset 4
  78              		.cfi_offset 14, -4
  11:Core/Src/analog_filter.c ****     // Subtract the oldest value from the sum
  12:Core/Src/analog_filter.c ****     if (filter->count == FILTER_SIZE) {
  79              		.loc 1 12 5 is_stmt 1 view .LVU13
  80              		.loc 1 12 15 is_stmt 0 view .LVU14
  81 0002 90F85DC2 		ldrb	ip, [r0, #605]	@ zero_extendqisi2
  82              		.loc 1 12 8 view .LVU15
  83 0006 BCF1960F 		cmp	ip, #150
  84 000a 20D0     		beq	.L7
  85              	.L4:
  13:Core/Src/analog_filter.c ****         filter->sum -= filter->buffer[filter->index];
  14:Core/Src/analog_filter.c ****     }
  15:Core/Src/analog_filter.c **** 
  16:Core/Src/analog_filter.c ****     // Add the new value
  17:Core/Src/analog_filter.c ****     filter->buffer[filter->index] = newValue;
  86              		.loc 1 17 5 is_stmt 1 view .LVU16
  87              		.loc 1 17 26 is_stmt 0 view .LVU17
  88 000c 90F85C22 		ldrb	r2, [r0, #604]	@ zero_extendqisi2
  89              		.loc 1 17 35 view .LVU18
  90 0010 40F82210 		str	r1, [r0, r2, lsl #2]
  18:Core/Src/analog_filter.c ****     filter->sum += newValue;
  91              		.loc 1 18 5 is_stmt 1 view .LVU19
  92              		.loc 1 18 11 is_stmt 0 view .LVU20
  93 0014 D0F85832 		ldr	r3, [r0, #600]
  94              		.loc 1 18 17 view .LVU21
  95 0018 1944     		add	r1, r1, r3
  96              	.LVL3:
  97              		.loc 1 18 17 view .LVU22
  98 001a C0F85812 		str	r1, [r0, #600]
  99              	.LVL4:
ARM GAS  C:\Users\valer\AppData\Local\Temp\ccD3yX1h.s 			page 3


  19:Core/Src/analog_filter.c **** 
  20:Core/Src/analog_filter.c ****     // Update index and count
  21:Core/Src/analog_filter.c ****     filter->index = (filter->index + 1) % FILTER_SIZE;
 100              		.loc 1 21 5 is_stmt 1 view .LVU23
 101              		.loc 1 21 36 is_stmt 0 view .LVU24
 102 001e 0132     		adds	r2, r2, #1
 103              		.loc 1 21 41 view .LVU25
 104 0020 104B     		ldr	r3, .L8
 105 0022 83FB02E3 		smull	lr, r3, r3, r2
 106 0026 1B11     		asrs	r3, r3, #4
 107 0028 4FF0960E 		mov	lr, #150
 108 002c 0EFB1323 		mls	r3, lr, r3, r2
 109              		.loc 1 21 19 view .LVU26
 110 0030 80F85C32 		strb	r3, [r0, #604]
  22:Core/Src/analog_filter.c ****     if (filter->count < FILTER_SIZE) {
 111              		.loc 1 22 5 is_stmt 1 view .LVU27
 112              		.loc 1 22 8 is_stmt 0 view .LVU28
 113 0034 BCF1950F 		cmp	ip, #149
 114 0038 03D8     		bhi	.L5
  23:Core/Src/analog_filter.c ****         filter->count++;
 115              		.loc 1 23 9 is_stmt 1 view .LVU29
 116              		.loc 1 23 22 is_stmt 0 view .LVU30
 117 003a 0CF1010C 		add	ip, ip, #1
 118 003e 80F85DC2 		strb	ip, [r0, #605]
 119              	.L5:
  24:Core/Src/analog_filter.c ****     }
  25:Core/Src/analog_filter.c **** 
  26:Core/Src/analog_filter.c ****     // Calculate and return the average
  27:Core/Src/analog_filter.c ****     return filter->sum / filter->count;
 120              		.loc 1 27 5 is_stmt 1 view .LVU31
 121              		.loc 1 27 32 is_stmt 0 view .LVU32
 122 0042 90F85D02 		ldrb	r0, [r0, #605]	@ zero_extendqisi2
 123              	.LVL5:
  28:Core/Src/analog_filter.c **** }...
 124              		.loc 1 28 1 view .LVU33
 125 0046 91FBF0F0 		sdiv	r0, r1, r0
 126 004a 5DF804FB 		ldr	pc, [sp], #4
 127              	.LVL6:
 128              	.L7:
  13:Core/Src/analog_filter.c ****         filter->sum -= filter->buffer[filter->index];
 129              		.loc 1 13 9 is_stmt 1 view .LVU34
  13:Core/Src/analog_filter.c ****         filter->sum -= filter->buffer[filter->index];
 130              		.loc 1 13 15 is_stmt 0 view .LVU35
 131 004e D0F85832 		ldr	r3, [r0, #600]
  13:Core/Src/analog_filter.c ****         filter->sum -= filter->buffer[filter->index];
 132              		.loc 1 13 45 view .LVU36
 133 0052 90F85C22 		ldrb	r2, [r0, #604]	@ zero_extendqisi2
  13:Core/Src/analog_filter.c ****         filter->sum -= filter->buffer[filter->index];
 134              		.loc 1 13 38 view .LVU37
 135 0056 50F82220 		ldr	r2, [r0, r2, lsl #2]
  13:Core/Src/analog_filter.c ****         filter->sum -= filter->buffer[filter->index];
 136              		.loc 1 13 21 view .LVU38
 137 005a 9B1A     		subs	r3, r3, r2
 138 005c C0F85832 		str	r3, [r0, #600]
 139 0060 D4E7     		b	.L4
 140              	.L9:
 141 0062 00BF     		.align	2
ARM GAS  C:\Users\valer\AppData\Local\Temp\ccD3yX1h.s 			page 4


 142              	.L8:
 143 0064 B5814E1B 		.word	458129845
 144              		.cfi_endproc
 145              	.LFE1:
 147              		.text
 148              	.Letext0:
 149              		.file 2 "C:/Users/valer/AppData/Roaming/Code/User/globalStorage/bmd.stm32-for-vscode/@xpack-dev-to
 150              		.file 3 "C:/Users/valer/AppData/Roaming/Code/User/globalStorage/bmd.stm32-for-vscode/@xpack-dev-to
 151              		.file 4 "C:/Users/valer/AppData/Roaming/Code/User/globalStorage/bmd.stm32-for-vscode/@xpack-dev-to
 152              		.file 5 "Core/Inc/analog_filter.h"
 153              		.file 6 "C:/Users/valer/AppData/Roaming/Code/User/globalStorage/bmd.stm32-for-vscode/@xpack-dev-to
 154              		.file 7 "<built-in>"
ARM GAS  C:\Users\valer\AppData\Local\Temp\ccD3yX1h.s 			page 5


DEFINED SYMBOLS
                            *ABS*:00000000 analog_filter.c
C:\Users\valer\AppData\Local\Temp\ccD3yX1h.s:21     .text.initFilter:00000000 $t
C:\Users\valer\AppData\Local\Temp\ccD3yX1h.s:27     .text.initFilter:00000000 initFilter
C:\Users\valer\AppData\Local\Temp\ccD3yX1h.s:62     .text.updateFilter:00000000 $t
C:\Users\valer\AppData\Local\Temp\ccD3yX1h.s:68     .text.updateFilter:00000000 updateFilter
C:\Users\valer\AppData\Local\Temp\ccD3yX1h.s:143    .text.updateFilter:00000064 $d

UNDEFINED SYMBOLS
memset
