ARM GAS  C:\Users\valer\AppData\Local\Temp\ccWqOnBF.s 			page 1


   1              		.cpu cortex-m4
   2              		.arch armv7e-m
   3              		.fpu fpv4-sp-d16
   4              		.eabi_attribute 27, 1
   5              		.eabi_attribute 28, 1
   6              		.eabi_attribute 20, 1
   7              		.eabi_attribute 21, 1
   8              		.eabi_attribute 23, 3
   9              		.eabi_attribute 24, 1
  10              		.eabi_attribute 25, 1
  11              		.eabi_attribute 26, 1
  12              		.eabi_attribute 30, 1
  13              		.eabi_attribute 34, 1
  14              		.eabi_attribute 18, 4
  15              		.file	"average_filter.c"
  16              		.text
  17              	.Ltext0:
  18              		.cfi_sections	.debug_frame
  19              		.file 1 "Core/Src/average_filter.c"
  20              		.section	.text.moving_average_filter,"ax",%progbits
  21              		.align	1
  22              		.global	moving_average_filter
  23              		.syntax unified
  24              		.thumb
  25              		.thumb_func
  27              	moving_average_filter:
  28              	.LVL0:
  29              	.LFB0:
   1:Core/Src/average_filter.c **** #include "average_filter.h"
   2:Core/Src/average_filter.c **** 
   3:Core/Src/average_filter.c **** int32_t sensor_values[WINDOW_SIZE] = {0};  // Buffer per memorizzare i valori
   4:Core/Src/average_filter.c **** int average_index = 0;                     // Indice corrente nel buffer
   5:Core/Src/average_filter.c **** int32_t sum = 0;                           // Somma dei valori nella finestra
   6:Core/Src/average_filter.c **** 
   7:Core/Src/average_filter.c **** int32_t moving_average_filter(int32_t new_value) {
  30              		.loc 1 7 50 view -0
  31              		.cfi_startproc
  32              		@ args = 0, pretend = 0, frame = 0
  33              		@ frame_needed = 0, uses_anonymous_args = 0
  34              		@ link register save eliminated.
  35              		.loc 1 7 50 is_stmt 0 view .LVU1
  36 0000 70B4     		push	{r4, r5, r6}
  37              		.cfi_def_cfa_offset 12
  38              		.cfi_offset 4, -12
  39              		.cfi_offset 5, -8
  40              		.cfi_offset 6, -4
   8:Core/Src/average_filter.c ****     // Rimuovi il valore più vecchio dalla somma
   9:Core/Src/average_filter.c ****     sum -= sensor_values[average_index];
  41              		.loc 1 9 5 is_stmt 1 view .LVU2
  42              		.loc 1 9 25 is_stmt 0 view .LVU3
  43 0002 0F4C     		ldr	r4, .L3
  44 0004 2268     		ldr	r2, [r4]
  45 0006 0F4D     		ldr	r5, .L3+4
  46              		.loc 1 9 9 view .LVU4
  47 0008 0F49     		ldr	r1, .L3+8
  48 000a 0B68     		ldr	r3, [r1]
  49 000c 55F82260 		ldr	r6, [r5, r2, lsl #2]
ARM GAS  C:\Users\valer\AppData\Local\Temp\ccWqOnBF.s 			page 2


  50 0010 9B1B     		subs	r3, r3, r6
  51 0012 0B60     		str	r3, [r1]
  10:Core/Src/average_filter.c **** 
  11:Core/Src/average_filter.c ****     // Aggiungi il nuovo valore al buffer e alla somma
  12:Core/Src/average_filter.c ****     sensor_values[average_index] = new_value;
  52              		.loc 1 12 5 is_stmt 1 view .LVU5
  53              		.loc 1 12 34 is_stmt 0 view .LVU6
  54 0014 45F82200 		str	r0, [r5, r2, lsl #2]
  13:Core/Src/average_filter.c ****     sum += new_value;
  55              		.loc 1 13 5 is_stmt 1 view .LVU7
  56              		.loc 1 13 9 is_stmt 0 view .LVU8
  57 0018 0344     		add	r3, r3, r0
  58 001a 0B60     		str	r3, [r1]
  14:Core/Src/average_filter.c **** 
  15:Core/Src/average_filter.c ****     // Aggiorna l'indice
  16:Core/Src/average_filter.c ****     average_index = (average_index + 1) % WINDOW_SIZE;
  59              		.loc 1 16 5 is_stmt 1 view .LVU9
  60              		.loc 1 16 36 is_stmt 0 view .LVU10
  61 001c 0132     		adds	r2, r2, #1
  62              		.loc 1 16 41 view .LVU11
  63 001e 0B48     		ldr	r0, .L3+12
  64              	.LVL1:
  65              		.loc 1 16 41 view .LVU12
  66 0020 80FB0215 		smull	r1, r5, r0, r2
  67              	.LVL2:
  68              		.loc 1 16 41 view .LVU13
  69 0024 D117     		asrs	r1, r2, #31
  70 0026 C1EB2511 		rsb	r1, r1, r5, asr #4
  71 002a 9625     		movs	r5, #150
  72 002c 05FB1121 		mls	r1, r5, r1, r2
  73              		.loc 1 16 19 view .LVU14
  74 0030 2160     		str	r1, [r4]
  75              	.LVL3:
  17:Core/Src/average_filter.c **** 
  18:Core/Src/average_filter.c ****     // Calcola e restituisci la media mobile
  19:Core/Src/average_filter.c ****     return sum / WINDOW_SIZE;
  76              		.loc 1 19 5 is_stmt 1 view .LVU15
  77              		.loc 1 19 16 is_stmt 0 view .LVU16
  78 0032 80FB0320 		smull	r2, r0, r0, r3
  79              	.LVL4:
  80              		.loc 1 19 16 view .LVU17
  81 0036 DB17     		asrs	r3, r3, #31
  20:Core/Src/average_filter.c **** }...
  82              		.loc 1 20 1 view .LVU18
  83 0038 C3EB2010 		rsb	r0, r3, r0, asr #4
  84 003c 70BC     		pop	{r4, r5, r6}
  85              		.cfi_restore 6
  86              		.cfi_restore 5
  87              		.cfi_restore 4
  88              		.cfi_def_cfa_offset 0
  89 003e 7047     		bx	lr
  90              	.L4:
  91              		.align	2
  92              	.L3:
  93 0040 00000000 		.word	average_index
  94 0044 00000000 		.word	sensor_values
  95 0048 00000000 		.word	sum
ARM GAS  C:\Users\valer\AppData\Local\Temp\ccWqOnBF.s 			page 3


  96 004c B5814E1B 		.word	458129845
  97              		.cfi_endproc
  98              	.LFE0:
 100              		.global	sum
 101              		.section	.bss.sum,"aw",%nobits
 102              		.align	2
 105              	sum:
 106 0000 00000000 		.space	4
 107              		.global	average_index
 108              		.section	.bss.average_index,"aw",%nobits
 109              		.align	2
 112              	average_index:
 113 0000 00000000 		.space	4
 114              		.global	sensor_values
 115              		.section	.bss.sensor_values,"aw",%nobits
 116              		.align	2
 119              	sensor_values:
 120 0000 00000000 		.space	600
 120      00000000 
 120      00000000 
 120      00000000 
 120      00000000 
 121              		.text
 122              	.Letext0:
 123              		.file 2 "C:/Users/valer/AppData/Roaming/Code/User/globalStorage/bmd.stm32-for-vscode/@xpack-dev-to
 124              		.file 3 "C:/Users/valer/AppData/Roaming/Code/User/globalStorage/bmd.stm32-for-vscode/@xpack-dev-to
 125              		.file 4 "Core/Inc/average_filter.h"
ARM GAS  C:\Users\valer\AppData\Local\Temp\ccWqOnBF.s 			page 4


DEFINED SYMBOLS
                            *ABS*:00000000 average_filter.c
C:\Users\valer\AppData\Local\Temp\ccWqOnBF.s:21     .text.moving_average_filter:00000000 $t
C:\Users\valer\AppData\Local\Temp\ccWqOnBF.s:27     .text.moving_average_filter:00000000 moving_average_filter
C:\Users\valer\AppData\Local\Temp\ccWqOnBF.s:93     .text.moving_average_filter:00000040 $d
C:\Users\valer\AppData\Local\Temp\ccWqOnBF.s:112    .bss.average_index:00000000 average_index
C:\Users\valer\AppData\Local\Temp\ccWqOnBF.s:119    .bss.sensor_values:00000000 sensor_values
C:\Users\valer\AppData\Local\Temp\ccWqOnBF.s:105    .bss.sum:00000000 sum
C:\Users\valer\AppData\Local\Temp\ccWqOnBF.s:102    .bss.sum:00000000 $d
C:\Users\valer\AppData\Local\Temp\ccWqOnBF.s:109    .bss.average_index:00000000 $d
C:\Users\valer\AppData\Local\Temp\ccWqOnBF.s:116    .bss.sensor_values:00000000 $d

NO UNDEFINED SYMBOLS
