ARM GAS  C:\Users\valer\AppData\Local\Temp\cch1KPZS.s 			page 1


   1              		.cpu cortex-m4
   2              		.arch armv7e-m
   3              		.fpu fpv4-sp-d16
   4              		.eabi_attribute 27, 1
   5              		.eabi_attribute 28, 1
   6              		.eabi_attribute 20, 1
   7              		.eabi_attribute 21, 1
   8              		.eabi_attribute 23, 3
   9              		.eabi_attribute 24, 1
  10              		.eabi_attribute 25, 1
  11              		.eabi_attribute 26, 1
  12              		.eabi_attribute 30, 1
  13              		.eabi_attribute 34, 1
  14              		.eabi_attribute 18, 4
  15              		.file	"stm32f4xx_it.c"
  16              		.text
  17              	.Ltext0:
  18              		.cfi_sections	.debug_frame
  19              		.file 1 "Core/Src/stm32f4xx_it.c"
  20              		.section	.text.NMI_Handler,"ax",%progbits
  21              		.align	1
  22              		.global	NMI_Handler
  23              		.syntax unified
  24              		.thumb
  25              		.thumb_func
  27              	NMI_Handler:
  28              	.LFB242:
   1:Core/Src/stm32f4xx_it.c **** /* USER CODE BEGIN Header */
   2:Core/Src/stm32f4xx_it.c **** /**
   3:Core/Src/stm32f4xx_it.c ****   ******************************************************************************
   4:Core/Src/stm32f4xx_it.c ****   * @file    stm32f4xx_it.c
   5:Core/Src/stm32f4xx_it.c ****   * @brief   Interrupt Service Routines.
   6:Core/Src/stm32f4xx_it.c ****   ******************************************************************************
   7:Core/Src/stm32f4xx_it.c ****   * @attention
   8:Core/Src/stm32f4xx_it.c ****   *
   9:Core/Src/stm32f4xx_it.c ****   * Copyright (c) 2024 STMicroelectronics.
  10:Core/Src/stm32f4xx_it.c ****   * All rights reserved.
  11:Core/Src/stm32f4xx_it.c ****   *
  12:Core/Src/stm32f4xx_it.c ****   * This software is licensed under terms that can be found in the LICENSE file
  13:Core/Src/stm32f4xx_it.c ****   * in the root directory of this software component.
  14:Core/Src/stm32f4xx_it.c ****   * If no LICENSE file comes with this software, it is provided AS-IS.
  15:Core/Src/stm32f4xx_it.c ****   *
  16:Core/Src/stm32f4xx_it.c ****   ******************************************************************************
  17:Core/Src/stm32f4xx_it.c ****   */
  18:Core/Src/stm32f4xx_it.c **** /* USER CODE END Header */
  19:Core/Src/stm32f4xx_it.c **** 
  20:Core/Src/stm32f4xx_it.c **** /* Includes ------------------------------------------------------------------*/
  21:Core/Src/stm32f4xx_it.c **** #include "main.h"
  22:Core/Src/stm32f4xx_it.c **** #include "stm32f4xx_it.h"
  23:Core/Src/stm32f4xx_it.c **** /* Private includes ----------------------------------------------------------*/
  24:Core/Src/stm32f4xx_it.c **** /* USER CODE BEGIN Includes */
  25:Core/Src/stm32f4xx_it.c **** #include <stdio.h>
  26:Core/Src/stm32f4xx_it.c **** #include <string.h>
  27:Core/Src/stm32f4xx_it.c **** /* USER CODE END Includes */
  28:Core/Src/stm32f4xx_it.c **** 
  29:Core/Src/stm32f4xx_it.c **** /* Private typedef -----------------------------------------------------------*/
  30:Core/Src/stm32f4xx_it.c **** /* USER CODE BEGIN TD */
ARM GAS  C:\Users\valer\AppData\Local\Temp\cch1KPZS.s 			page 2


  31:Core/Src/stm32f4xx_it.c **** 
  32:Core/Src/stm32f4xx_it.c **** /* USER CODE END TD */
  33:Core/Src/stm32f4xx_it.c **** 
  34:Core/Src/stm32f4xx_it.c **** /* Private define ------------------------------------------------------------*/
  35:Core/Src/stm32f4xx_it.c **** /* USER CODE BEGIN PD */
  36:Core/Src/stm32f4xx_it.c **** 
  37:Core/Src/stm32f4xx_it.c **** /* USER CODE END PD */
  38:Core/Src/stm32f4xx_it.c **** 
  39:Core/Src/stm32f4xx_it.c **** /* Private macro -------------------------------------------------------------*/
  40:Core/Src/stm32f4xx_it.c **** /* USER CODE BEGIN PM */
  41:Core/Src/stm32f4xx_it.c **** 
  42:Core/Src/stm32f4xx_it.c **** /* USER CODE END PM */
  43:Core/Src/stm32f4xx_it.c **** 
  44:Core/Src/stm32f4xx_it.c **** /* Private variables ---------------------------------------------------------*/
  45:Core/Src/stm32f4xx_it.c **** /* USER CODE BEGIN PV */
  46:Core/Src/stm32f4xx_it.c **** int led_state = 0;
  47:Core/Src/stm32f4xx_it.c **** int is_magnet_detected = 0;  
  48:Core/Src/stm32f4xx_it.c **** /* USER CODE END PV */
  49:Core/Src/stm32f4xx_it.c **** 
  50:Core/Src/stm32f4xx_it.c **** /* Private function prototypes -----------------------------------------------*/
  51:Core/Src/stm32f4xx_it.c **** /* USER CODE BEGIN PFP */
  52:Core/Src/stm32f4xx_it.c **** 
  53:Core/Src/stm32f4xx_it.c **** /* USER CODE END PFP */
  54:Core/Src/stm32f4xx_it.c **** 
  55:Core/Src/stm32f4xx_it.c **** /* Private user code ---------------------------------------------------------*/
  56:Core/Src/stm32f4xx_it.c **** /* USER CODE BEGIN 0 */
  57:Core/Src/stm32f4xx_it.c **** 
  58:Core/Src/stm32f4xx_it.c **** /* USER CODE END 0 */
  59:Core/Src/stm32f4xx_it.c **** 
  60:Core/Src/stm32f4xx_it.c **** /* External variables --------------------------------------------------------*/
  61:Core/Src/stm32f4xx_it.c **** extern DMA_HandleTypeDef hdma_adc1;
  62:Core/Src/stm32f4xx_it.c **** extern TIM_HandleTypeDef htim2;
  63:Core/Src/stm32f4xx_it.c **** extern TIM_HandleTypeDef htim3;
  64:Core/Src/stm32f4xx_it.c **** extern UART_HandleTypeDef huart2;  
  65:Core/Src/stm32f4xx_it.c **** extern ADC_HandleTypeDef hadc1;  
  66:Core/Src/stm32f4xx_it.c **** extern FsmController fsm;
  67:Core/Src/stm32f4xx_it.c **** /* USER CODE BEGIN EV */
  68:Core/Src/stm32f4xx_it.c **** 
  69:Core/Src/stm32f4xx_it.c **** /* USER CODE END EV */
  70:Core/Src/stm32f4xx_it.c **** 
  71:Core/Src/stm32f4xx_it.c **** /******************************************************************************/
  72:Core/Src/stm32f4xx_it.c **** /*           Cortex-M4 Processor Interruption and Exception Handlers          */
  73:Core/Src/stm32f4xx_it.c **** /******************************************************************************/
  74:Core/Src/stm32f4xx_it.c **** /**
  75:Core/Src/stm32f4xx_it.c ****   * @brief This function handles Non maskable interrupt.
  76:Core/Src/stm32f4xx_it.c ****   */
  77:Core/Src/stm32f4xx_it.c **** void NMI_Handler(void)
  78:Core/Src/stm32f4xx_it.c **** {
  29              		.loc 1 78 1 view -0
  30              		.cfi_startproc
  31              		@ Volatile: function does not return.
  32              		@ args = 0, pretend = 0, frame = 0
  33              		@ frame_needed = 0, uses_anonymous_args = 0
  34              		@ link register save eliminated.
  35              	.L2:
  79:Core/Src/stm32f4xx_it.c ****   /* USER CODE BEGIN NonMaskableInt_IRQn 0 */
  80:Core/Src/stm32f4xx_it.c **** 
ARM GAS  C:\Users\valer\AppData\Local\Temp\cch1KPZS.s 			page 3


  81:Core/Src/stm32f4xx_it.c ****   /* USER CODE END NonMaskableInt_IRQn 0 */
  82:Core/Src/stm32f4xx_it.c ****   /* USER CODE BEGIN NonMaskableInt_IRQn 1 */
  83:Core/Src/stm32f4xx_it.c ****    while (1)
  36              		.loc 1 83 4 view .LVU1
  84:Core/Src/stm32f4xx_it.c ****   {
  85:Core/Src/stm32f4xx_it.c ****   }
  37              		.loc 1 85 3 view .LVU2
  83:Core/Src/stm32f4xx_it.c ****   {
  38              		.loc 1 83 10 view .LVU3
  39 0000 FEE7     		b	.L2
  40              		.cfi_endproc
  41              	.LFE242:
  43              		.section	.text.HardFault_Handler,"ax",%progbits
  44              		.align	1
  45              		.global	HardFault_Handler
  46              		.syntax unified
  47              		.thumb
  48              		.thumb_func
  50              	HardFault_Handler:
  51              	.LFB243:
  86:Core/Src/stm32f4xx_it.c ****   /* USER CODE END NonMaskableInt_IRQn 1 */
  87:Core/Src/stm32f4xx_it.c **** }
  88:Core/Src/stm32f4xx_it.c **** 
  89:Core/Src/stm32f4xx_it.c **** /**
  90:Core/Src/stm32f4xx_it.c ****   * @brief This function handles Hard fault interrupt.
  91:Core/Src/stm32f4xx_it.c ****   */
  92:Core/Src/stm32f4xx_it.c **** void HardFault_Handler(void)
  93:Core/Src/stm32f4xx_it.c **** {
  52              		.loc 1 93 1 view -0
  53              		.cfi_startproc
  54              		@ Volatile: function does not return.
  55              		@ args = 0, pretend = 0, frame = 0
  56              		@ frame_needed = 0, uses_anonymous_args = 0
  57              		@ link register save eliminated.
  58              	.L4:
  94:Core/Src/stm32f4xx_it.c ****   /* USER CODE BEGIN HardFault_IRQn 0 */
  95:Core/Src/stm32f4xx_it.c **** 
  96:Core/Src/stm32f4xx_it.c ****   /* USER CODE END HardFault_IRQn 0 */
  97:Core/Src/stm32f4xx_it.c ****   while (1)
  59              		.loc 1 97 3 view .LVU5
  98:Core/Src/stm32f4xx_it.c ****   {
  99:Core/Src/stm32f4xx_it.c ****     /* USER CODE BEGIN W1_HardFault_IRQn 0 */
 100:Core/Src/stm32f4xx_it.c ****     /* USER CODE END W1_HardFault_IRQn 0 */
 101:Core/Src/stm32f4xx_it.c ****   }
  60              		.loc 1 101 3 view .LVU6
  97:Core/Src/stm32f4xx_it.c ****   {
  61              		.loc 1 97 9 view .LVU7
  62 0000 FEE7     		b	.L4
  63              		.cfi_endproc
  64              	.LFE243:
  66              		.section	.text.MemManage_Handler,"ax",%progbits
  67              		.align	1
  68              		.global	MemManage_Handler
  69              		.syntax unified
  70              		.thumb
  71              		.thumb_func
  73              	MemManage_Handler:
ARM GAS  C:\Users\valer\AppData\Local\Temp\cch1KPZS.s 			page 4


  74              	.LFB244:
 102:Core/Src/stm32f4xx_it.c **** }
 103:Core/Src/stm32f4xx_it.c **** 
 104:Core/Src/stm32f4xx_it.c **** /**
 105:Core/Src/stm32f4xx_it.c ****   * @brief This function handles Memory management fault.
 106:Core/Src/stm32f4xx_it.c ****   */
 107:Core/Src/stm32f4xx_it.c **** void MemManage_Handler(void)
 108:Core/Src/stm32f4xx_it.c **** {
  75              		.loc 1 108 1 view -0
  76              		.cfi_startproc
  77              		@ Volatile: function does not return.
  78              		@ args = 0, pretend = 0, frame = 0
  79              		@ frame_needed = 0, uses_anonymous_args = 0
  80              		@ link register save eliminated.
  81              	.L6:
 109:Core/Src/stm32f4xx_it.c ****   /* USER CODE BEGIN MemoryManagement_IRQn 0 */
 110:Core/Src/stm32f4xx_it.c **** 
 111:Core/Src/stm32f4xx_it.c ****   /* USER CODE END MemoryManagement_IRQn 0 */
 112:Core/Src/stm32f4xx_it.c ****   while (1)
  82              		.loc 1 112 3 view .LVU9
 113:Core/Src/stm32f4xx_it.c ****   {
 114:Core/Src/stm32f4xx_it.c ****     /* USER CODE BEGIN W1_MemoryManagement_IRQn 0 */
 115:Core/Src/stm32f4xx_it.c ****     /* USER CODE END W1_MemoryManagement_IRQn 0 */
 116:Core/Src/stm32f4xx_it.c ****   }
  83              		.loc 1 116 3 view .LVU10
 112:Core/Src/stm32f4xx_it.c ****   {
  84              		.loc 1 112 9 view .LVU11
  85 0000 FEE7     		b	.L6
  86              		.cfi_endproc
  87              	.LFE244:
  89              		.section	.text.BusFault_Handler,"ax",%progbits
  90              		.align	1
  91              		.global	BusFault_Handler
  92              		.syntax unified
  93              		.thumb
  94              		.thumb_func
  96              	BusFault_Handler:
  97              	.LFB245:
 117:Core/Src/stm32f4xx_it.c **** }
 118:Core/Src/stm32f4xx_it.c **** 
 119:Core/Src/stm32f4xx_it.c **** /**
 120:Core/Src/stm32f4xx_it.c ****   * @brief This function handles Pre-fetch fault, memory access fault.
 121:Core/Src/stm32f4xx_it.c ****   */
 122:Core/Src/stm32f4xx_it.c **** void BusFault_Handler(void)
 123:Core/Src/stm32f4xx_it.c **** {
  98              		.loc 1 123 1 view -0
  99              		.cfi_startproc
 100              		@ Volatile: function does not return.
 101              		@ args = 0, pretend = 0, frame = 0
 102              		@ frame_needed = 0, uses_anonymous_args = 0
 103              		@ link register save eliminated.
 104              	.L8:
 124:Core/Src/stm32f4xx_it.c ****   /* USER CODE BEGIN BusFault_IRQn 0 */
 125:Core/Src/stm32f4xx_it.c **** 
 126:Core/Src/stm32f4xx_it.c ****   /* USER CODE END BusFault_IRQn 0 */
 127:Core/Src/stm32f4xx_it.c ****   while (1)
 105              		.loc 1 127 3 view .LVU13
ARM GAS  C:\Users\valer\AppData\Local\Temp\cch1KPZS.s 			page 5


 128:Core/Src/stm32f4xx_it.c ****   {
 129:Core/Src/stm32f4xx_it.c ****     /* USER CODE BEGIN W1_BusFault_IRQn 0 */
 130:Core/Src/stm32f4xx_it.c ****     /* USER CODE END W1_BusFault_IRQn 0 */
 131:Core/Src/stm32f4xx_it.c ****   }
 106              		.loc 1 131 3 view .LVU14
 127:Core/Src/stm32f4xx_it.c ****   {
 107              		.loc 1 127 9 view .LVU15
 108 0000 FEE7     		b	.L8
 109              		.cfi_endproc
 110              	.LFE245:
 112              		.section	.text.UsageFault_Handler,"ax",%progbits
 113              		.align	1
 114              		.global	UsageFault_Handler
 115              		.syntax unified
 116              		.thumb
 117              		.thumb_func
 119              	UsageFault_Handler:
 120              	.LFB246:
 132:Core/Src/stm32f4xx_it.c **** }
 133:Core/Src/stm32f4xx_it.c **** 
 134:Core/Src/stm32f4xx_it.c **** /**
 135:Core/Src/stm32f4xx_it.c ****   * @brief This function handles Undefined instruction or illegal state.
 136:Core/Src/stm32f4xx_it.c ****   */
 137:Core/Src/stm32f4xx_it.c **** void UsageFault_Handler(void)
 138:Core/Src/stm32f4xx_it.c **** {
 121              		.loc 1 138 1 view -0
 122              		.cfi_startproc
 123              		@ Volatile: function does not return.
 124              		@ args = 0, pretend = 0, frame = 0
 125              		@ frame_needed = 0, uses_anonymous_args = 0
 126              		@ link register save eliminated.
 127              	.L10:
 139:Core/Src/stm32f4xx_it.c ****   /* USER CODE BEGIN UsageFault_IRQn 0 */
 140:Core/Src/stm32f4xx_it.c **** 
 141:Core/Src/stm32f4xx_it.c ****   /* USER CODE END UsageFault_IRQn 0 */
 142:Core/Src/stm32f4xx_it.c ****   while (1)
 128              		.loc 1 142 3 view .LVU17
 143:Core/Src/stm32f4xx_it.c ****   {
 144:Core/Src/stm32f4xx_it.c ****     /* USER CODE BEGIN W1_UsageFault_IRQn 0 */
 145:Core/Src/stm32f4xx_it.c ****     /* USER CODE END W1_UsageFault_IRQn 0 */
 146:Core/Src/stm32f4xx_it.c ****   }
 129              		.loc 1 146 3 view .LVU18
 142:Core/Src/stm32f4xx_it.c ****   {
 130              		.loc 1 142 9 view .LVU19
 131 0000 FEE7     		b	.L10
 132              		.cfi_endproc
 133              	.LFE246:
 135              		.section	.text.SVC_Handler,"ax",%progbits
 136              		.align	1
 137              		.global	SVC_Handler
 138              		.syntax unified
 139              		.thumb
 140              		.thumb_func
 142              	SVC_Handler:
 143              	.LFB247:
 147:Core/Src/stm32f4xx_it.c **** }
 148:Core/Src/stm32f4xx_it.c **** 
ARM GAS  C:\Users\valer\AppData\Local\Temp\cch1KPZS.s 			page 6


 149:Core/Src/stm32f4xx_it.c **** /**
 150:Core/Src/stm32f4xx_it.c ****   * @brief This function handles System service call via SWI instruction.
 151:Core/Src/stm32f4xx_it.c ****   */
 152:Core/Src/stm32f4xx_it.c **** void SVC_Handler(void)
 153:Core/Src/stm32f4xx_it.c **** {
 144              		.loc 1 153 1 view -0
 145              		.cfi_startproc
 146              		@ args = 0, pretend = 0, frame = 0
 147              		@ frame_needed = 0, uses_anonymous_args = 0
 148              		@ link register save eliminated.
 154:Core/Src/stm32f4xx_it.c ****   /* USER CODE BEGIN SVCall_IRQn 0 */
 155:Core/Src/stm32f4xx_it.c **** 
 156:Core/Src/stm32f4xx_it.c ****   /* USER CODE END SVCall_IRQn 0 */
 157:Core/Src/stm32f4xx_it.c ****   /* USER CODE BEGIN SVCall_IRQn 1 */
 158:Core/Src/stm32f4xx_it.c **** 
 159:Core/Src/stm32f4xx_it.c ****   /* USER CODE END SVCall_IRQn 1 */
 160:Core/Src/stm32f4xx_it.c **** }
 149              		.loc 1 160 1 view .LVU21
 150 0000 7047     		bx	lr
 151              		.cfi_endproc
 152              	.LFE247:
 154              		.section	.text.DebugMon_Handler,"ax",%progbits
 155              		.align	1
 156              		.global	DebugMon_Handler
 157              		.syntax unified
 158              		.thumb
 159              		.thumb_func
 161              	DebugMon_Handler:
 162              	.LFB248:
 161:Core/Src/stm32f4xx_it.c **** 
 162:Core/Src/stm32f4xx_it.c **** /**
 163:Core/Src/stm32f4xx_it.c ****   * @brief This function handles Debug monitor.
 164:Core/Src/stm32f4xx_it.c ****   */
 165:Core/Src/stm32f4xx_it.c **** void DebugMon_Handler(void)
 166:Core/Src/stm32f4xx_it.c **** {
 163              		.loc 1 166 1 view -0
 164              		.cfi_startproc
 165              		@ args = 0, pretend = 0, frame = 0
 166              		@ frame_needed = 0, uses_anonymous_args = 0
 167              		@ link register save eliminated.
 167:Core/Src/stm32f4xx_it.c ****   /* USER CODE BEGIN DebugMonitor_IRQn 0 */
 168:Core/Src/stm32f4xx_it.c **** 
 169:Core/Src/stm32f4xx_it.c ****   /* USER CODE END DebugMonitor_IRQn 0 */
 170:Core/Src/stm32f4xx_it.c ****   /* USER CODE BEGIN DebugMonitor_IRQn 1 */
 171:Core/Src/stm32f4xx_it.c **** 
 172:Core/Src/stm32f4xx_it.c ****   /* USER CODE END DebugMonitor_IRQn 1 */
 173:Core/Src/stm32f4xx_it.c **** }
 168              		.loc 1 173 1 view .LVU23
 169 0000 7047     		bx	lr
 170              		.cfi_endproc
 171              	.LFE248:
 173              		.section	.text.PendSV_Handler,"ax",%progbits
 174              		.align	1
 175              		.global	PendSV_Handler
 176              		.syntax unified
 177              		.thumb
 178              		.thumb_func
ARM GAS  C:\Users\valer\AppData\Local\Temp\cch1KPZS.s 			page 7


 180              	PendSV_Handler:
 181              	.LFB249:
 174:Core/Src/stm32f4xx_it.c **** 
 175:Core/Src/stm32f4xx_it.c **** /**
 176:Core/Src/stm32f4xx_it.c ****   * @brief This function handles Pendable request for system service.
 177:Core/Src/stm32f4xx_it.c ****   */
 178:Core/Src/stm32f4xx_it.c **** void PendSV_Handler(void)
 179:Core/Src/stm32f4xx_it.c **** {
 182              		.loc 1 179 1 view -0
 183              		.cfi_startproc
 184              		@ args = 0, pretend = 0, frame = 0
 185              		@ frame_needed = 0, uses_anonymous_args = 0
 186              		@ link register save eliminated.
 180:Core/Src/stm32f4xx_it.c ****   /* USER CODE BEGIN PendSV_IRQn 0 */
 181:Core/Src/stm32f4xx_it.c **** 
 182:Core/Src/stm32f4xx_it.c ****   /* USER CODE END PendSV_IRQn 0 */
 183:Core/Src/stm32f4xx_it.c ****   /* USER CODE BEGIN PendSV_IRQn 1 */
 184:Core/Src/stm32f4xx_it.c **** 
 185:Core/Src/stm32f4xx_it.c ****   /* USER CODE END PendSV_IRQn 1 */
 186:Core/Src/stm32f4xx_it.c **** }
 187              		.loc 1 186 1 view .LVU25
 188 0000 7047     		bx	lr
 189              		.cfi_endproc
 190              	.LFE249:
 192              		.section	.text.SysTick_Handler,"ax",%progbits
 193              		.align	1
 194              		.global	SysTick_Handler
 195              		.syntax unified
 196              		.thumb
 197              		.thumb_func
 199              	SysTick_Handler:
 200              	.LFB250:
 187:Core/Src/stm32f4xx_it.c **** 
 188:Core/Src/stm32f4xx_it.c **** /**
 189:Core/Src/stm32f4xx_it.c ****   * @brief This function handles System tick timer.
 190:Core/Src/stm32f4xx_it.c ****   */
 191:Core/Src/stm32f4xx_it.c **** void SysTick_Handler(void)
 192:Core/Src/stm32f4xx_it.c **** {
 201              		.loc 1 192 1 view -0
 202              		.cfi_startproc
 203              		@ args = 0, pretend = 0, frame = 0
 204              		@ frame_needed = 0, uses_anonymous_args = 0
 205 0000 08B5     		push	{r3, lr}
 206              		.cfi_def_cfa_offset 8
 207              		.cfi_offset 3, -8
 208              		.cfi_offset 14, -4
 193:Core/Src/stm32f4xx_it.c ****   /* USER CODE BEGIN SysTick_IRQn 0 */
 194:Core/Src/stm32f4xx_it.c **** 
 195:Core/Src/stm32f4xx_it.c ****   /* USER CODE END SysTick_IRQn 0 */
 196:Core/Src/stm32f4xx_it.c ****   HAL_IncTick();
 209              		.loc 1 196 3 view .LVU27
 210 0002 FFF7FEFF 		bl	HAL_IncTick
 211              	.LVL0:
 197:Core/Src/stm32f4xx_it.c ****   /* USER CODE BEGIN SysTick_IRQn 1 */
 198:Core/Src/stm32f4xx_it.c **** 
 199:Core/Src/stm32f4xx_it.c ****   /* USER CODE END SysTick_IRQn 1 */
 200:Core/Src/stm32f4xx_it.c **** }
ARM GAS  C:\Users\valer\AppData\Local\Temp\cch1KPZS.s 			page 8


 212              		.loc 1 200 1 is_stmt 0 view .LVU28
 213 0006 08BD     		pop	{r3, pc}
 214              		.cfi_endproc
 215              	.LFE250:
 217              		.section	.rodata.EXTI0_IRQHandler.str1.4,"aMS",%progbits,1
 218              		.align	2
 219              	.LC0:
 220 0000 44696769 		.ascii	"Digital: %d\015\012\000"
 220      74616C3A 
 220      2025640D 
 220      0A00
 221              		.section	.text.EXTI0_IRQHandler,"ax",%progbits
 222              		.align	1
 223              		.global	EXTI0_IRQHandler
 224              		.syntax unified
 225              		.thumb
 226              		.thumb_func
 228              	EXTI0_IRQHandler:
 229              	.LFB251:
 201:Core/Src/stm32f4xx_it.c **** 
 202:Core/Src/stm32f4xx_it.c **** /******************************************************************************/
 203:Core/Src/stm32f4xx_it.c **** /* STM32F4xx Peripheral Interrupt Handlers                                    */
 204:Core/Src/stm32f4xx_it.c **** /* Add here the Interrupt Handlers for the used peripherals.                  */
 205:Core/Src/stm32f4xx_it.c **** /* For the available peripheral interrupt handler names,                      */
 206:Core/Src/stm32f4xx_it.c **** /* please refer to the startup file (startup_stm32f4xx.s).                    */
 207:Core/Src/stm32f4xx_it.c **** /******************************************************************************/
 208:Core/Src/stm32f4xx_it.c **** 
 209:Core/Src/stm32f4xx_it.c **** /**
 210:Core/Src/stm32f4xx_it.c ****   * @brief This function handles EXTI line 0 interrupt.
 211:Core/Src/stm32f4xx_it.c ****   */
 212:Core/Src/stm32f4xx_it.c **** void EXTI0_IRQHandler(void)
 213:Core/Src/stm32f4xx_it.c **** {
 230              		.loc 1 213 1 is_stmt 1 view -0
 231              		.cfi_startproc
 232              		@ args = 0, pretend = 0, frame = 56
 233              		@ frame_needed = 0, uses_anonymous_args = 0
 234 0000 00B5     		push	{lr}
 235              		.cfi_def_cfa_offset 4
 236              		.cfi_offset 14, -4
 237 0002 8FB0     		sub	sp, sp, #60
 238              		.cfi_def_cfa_offset 64
 214:Core/Src/stm32f4xx_it.c ****   /* USER CODE BEGIN EXTI0_IRQn 0 */
 215:Core/Src/stm32f4xx_it.c **** 
 216:Core/Src/stm32f4xx_it.c ****   // Vedi code begin 0 e 1 per gestire rising falling
 217:Core/Src/stm32f4xx_it.c ****   // Leggi lo stato del sensore digitale
 218:Core/Src/stm32f4xx_it.c ****   is_magnet_detected =(int) !HAL_GPIO_ReadPin(GPIOA, GPIO_PIN_0); 
 239              		.loc 1 218 3 view .LVU30
 240              		.loc 1 218 30 is_stmt 0 view .LVU31
 241 0004 0121     		movs	r1, #1
 242 0006 0E48     		ldr	r0, .L18
 243 0008 FFF7FEFF 		bl	HAL_GPIO_ReadPin
 244              	.LVL1:
 245              		.loc 1 218 23 discriminator 1 view .LVU32
 246 000c B0FA80F2 		clz	r2, r0
 247 0010 5209     		lsrs	r2, r2, #5
 248              		.loc 1 218 22 discriminator 1 view .LVU33
 249 0012 0C4B     		ldr	r3, .L18+4
ARM GAS  C:\Users\valer\AppData\Local\Temp\cch1KPZS.s 			page 9


 250 0014 1A60     		str	r2, [r3]
 219:Core/Src/stm32f4xx_it.c **** 
 220:Core/Src/stm32f4xx_it.c ****   char msg[50];  // Buffer per inviare messaggi via UART
 251              		.loc 1 220 3 is_stmt 1 view .LVU34
 221:Core/Src/stm32f4xx_it.c ****   
 222:Core/Src/stm32f4xx_it.c ****   // Invia il valore digitale via UART
 223:Core/Src/stm32f4xx_it.c ****   sprintf(msg, "Digital: %d\r\n", is_magnet_detected);
 252              		.loc 1 223 3 view .LVU35
 253 0016 0C49     		ldr	r1, .L18+8
 254 0018 01A8     		add	r0, sp, #4
 255 001a FFF7FEFF 		bl	sprintf
 256              	.LVL2:
 224:Core/Src/stm32f4xx_it.c ****   HAL_UART_Transmit(&huart2, (uint8_t*)msg, strlen(msg), HAL_MAX_DELAY);
 257              		.loc 1 224 3 view .LVU36
 258              		.loc 1 224 45 is_stmt 0 view .LVU37
 259 001e 01A8     		add	r0, sp, #4
 260 0020 FFF7FEFF 		bl	strlen
 261              	.LVL3:
 262              		.loc 1 224 3 discriminator 1 view .LVU38
 263 0024 4FF0FF33 		mov	r3, #-1
 264 0028 82B2     		uxth	r2, r0
 265 002a 01A9     		add	r1, sp, #4
 266 002c 0748     		ldr	r0, .L18+12
 267 002e FFF7FEFF 		bl	HAL_UART_Transmit
 268              	.LVL4:
 225:Core/Src/stm32f4xx_it.c ****   
 226:Core/Src/stm32f4xx_it.c ****     
 227:Core/Src/stm32f4xx_it.c ****   /* USER CODE END EXTI0_IRQn 0 */
 228:Core/Src/stm32f4xx_it.c ****   HAL_GPIO_EXTI_IRQHandler(GPIO_PIN_0);
 269              		.loc 1 228 3 is_stmt 1 view .LVU39
 270 0032 0120     		movs	r0, #1
 271 0034 FFF7FEFF 		bl	HAL_GPIO_EXTI_IRQHandler
 272              	.LVL5:
 229:Core/Src/stm32f4xx_it.c ****   /* USER CODE BEGIN EXTI0_IRQn 1 */
 230:Core/Src/stm32f4xx_it.c **** 
 231:Core/Src/stm32f4xx_it.c ****   /* USER CODE END EXTI0_IRQn 1 */
 232:Core/Src/stm32f4xx_it.c **** }
 273              		.loc 1 232 1 is_stmt 0 view .LVU40
 274 0038 0FB0     		add	sp, sp, #60
 275              		.cfi_def_cfa_offset 4
 276              		@ sp needed
 277 003a 5DF804FB 		ldr	pc, [sp], #4
 278              	.L19:
 279 003e 00BF     		.align	2
 280              	.L18:
 281 0040 00000240 		.word	1073872896
 282 0044 00000000 		.word	is_magnet_detected
 283 0048 00000000 		.word	.LC0
 284 004c 00000000 		.word	huart2
 285              		.cfi_endproc
 286              	.LFE251:
 288              		.section	.text.TIM2_IRQHandler,"ax",%progbits
 289              		.align	1
 290              		.global	TIM2_IRQHandler
 291              		.syntax unified
 292              		.thumb
 293              		.thumb_func
ARM GAS  C:\Users\valer\AppData\Local\Temp\cch1KPZS.s 			page 10


 295              	TIM2_IRQHandler:
 296              	.LFB252:
 233:Core/Src/stm32f4xx_it.c **** 
 234:Core/Src/stm32f4xx_it.c **** /**
 235:Core/Src/stm32f4xx_it.c ****   * @brief This function handles TIM2 global interrupt.
 236:Core/Src/stm32f4xx_it.c ****   */
 237:Core/Src/stm32f4xx_it.c **** void TIM2_IRQHandler(void)
 238:Core/Src/stm32f4xx_it.c **** {
 297              		.loc 1 238 1 is_stmt 1 view -0
 298              		.cfi_startproc
 299              		@ args = 0, pretend = 0, frame = 0
 300              		@ frame_needed = 0, uses_anonymous_args = 0
 301 0000 08B5     		push	{r3, lr}
 302              		.cfi_def_cfa_offset 8
 303              		.cfi_offset 3, -8
 304              		.cfi_offset 14, -4
 239:Core/Src/stm32f4xx_it.c ****   /* USER CODE BEGIN TIM2_IRQn 0 */
 240:Core/Src/stm32f4xx_it.c ****   //timer 1000ms
 241:Core/Src/stm32f4xx_it.c ****   
 242:Core/Src/stm32f4xx_it.c ****   /* USER CODE END TIM2_IRQn 0 */
 243:Core/Src/stm32f4xx_it.c ****   HAL_TIM_IRQHandler(&htim2);
 305              		.loc 1 243 3 view .LVU42
 306 0002 0A48     		ldr	r0, .L24
 307 0004 FFF7FEFF 		bl	HAL_TIM_IRQHandler
 308              	.LVL6:
 244:Core/Src/stm32f4xx_it.c ****   /* USER CODE BEGIN TIM2_IRQn 1 */
 245:Core/Src/stm32f4xx_it.c ****   if(led_state == 0){
 309              		.loc 1 245 3 view .LVU43
 310              		.loc 1 245 16 is_stmt 0 view .LVU44
 311 0008 094B     		ldr	r3, .L24+4
 312 000a 1B68     		ldr	r3, [r3]
 313              		.loc 1 245 5 view .LVU45
 314 000c 4BB9     		cbnz	r3, .L21
 246:Core/Src/stm32f4xx_it.c ****     led_state = 1;
 315              		.loc 1 246 5 is_stmt 1 view .LVU46
 316              		.loc 1 246 15 is_stmt 0 view .LVU47
 317 000e 084B     		ldr	r3, .L24+4
 318 0010 0122     		movs	r2, #1
 319 0012 1A60     		str	r2, [r3]
 320              	.L22:
 247:Core/Src/stm32f4xx_it.c ****   }else{
 248:Core/Src/stm32f4xx_it.c ****     led_state = 0;
 249:Core/Src/stm32f4xx_it.c ****   }
 250:Core/Src/stm32f4xx_it.c ****   HAL_GPIO_WritePin(LD2_GPIO_Port, LD2_Pin, led_state);
 321              		.loc 1 250 3 is_stmt 1 view .LVU48
 322 0014 064B     		ldr	r3, .L24+4
 323 0016 1A78     		ldrb	r2, [r3]	@ zero_extendqisi2
 324 0018 2021     		movs	r1, #32
 325 001a 0648     		ldr	r0, .L24+8
 326 001c FFF7FEFF 		bl	HAL_GPIO_WritePin
 327              	.LVL7:
 251:Core/Src/stm32f4xx_it.c ****   /* USER CODE END TIM2_IRQn 1 */
 252:Core/Src/stm32f4xx_it.c **** }
 328              		.loc 1 252 1 is_stmt 0 view .LVU49
 329 0020 08BD     		pop	{r3, pc}
 330              	.L21:
 248:Core/Src/stm32f4xx_it.c ****   }
ARM GAS  C:\Users\valer\AppData\Local\Temp\cch1KPZS.s 			page 11


 331              		.loc 1 248 5 is_stmt 1 view .LVU50
 248:Core/Src/stm32f4xx_it.c ****   }
 332              		.loc 1 248 15 is_stmt 0 view .LVU51
 333 0022 034B     		ldr	r3, .L24+4
 334 0024 0022     		movs	r2, #0
 335 0026 1A60     		str	r2, [r3]
 336 0028 F4E7     		b	.L22
 337              	.L25:
 338 002a 00BF     		.align	2
 339              	.L24:
 340 002c 00000000 		.word	htim2
 341 0030 00000000 		.word	led_state
 342 0034 00000240 		.word	1073872896
 343              		.cfi_endproc
 344              	.LFE252:
 346              		.section	.text.TIM3_IRQHandler,"ax",%progbits
 347              		.align	1
 348              		.global	TIM3_IRQHandler
 349              		.syntax unified
 350              		.thumb
 351              		.thumb_func
 353              	TIM3_IRQHandler:
 354              	.LFB253:
 253:Core/Src/stm32f4xx_it.c **** 
 254:Core/Src/stm32f4xx_it.c **** /**
 255:Core/Src/stm32f4xx_it.c ****   * @brief This function handles TIM3 global interrupt.
 256:Core/Src/stm32f4xx_it.c ****   */
 257:Core/Src/stm32f4xx_it.c **** void TIM3_IRQHandler(void)
 258:Core/Src/stm32f4xx_it.c **** {
 355              		.loc 1 258 1 is_stmt 1 view -0
 356              		.cfi_startproc
 357              		@ args = 0, pretend = 0, frame = 0
 358              		@ frame_needed = 0, uses_anonymous_args = 0
 359 0000 08B5     		push	{r3, lr}
 360              		.cfi_def_cfa_offset 8
 361              		.cfi_offset 3, -8
 362              		.cfi_offset 14, -4
 259:Core/Src/stm32f4xx_it.c ****   /* USER CODE BEGIN TIM3_IRQn 0 */
 260:Core/Src/stm32f4xx_it.c ****   //timer 50ms
 261:Core/Src/stm32f4xx_it.c ****   /* USER CODE END TIM3_IRQn 0 */
 262:Core/Src/stm32f4xx_it.c ****   HAL_TIM_IRQHandler(&htim3);
 363              		.loc 1 262 3 view .LVU53
 364 0002 0A48     		ldr	r0, .L30
 365 0004 FFF7FEFF 		bl	HAL_TIM_IRQHandler
 366              	.LVL8:
 263:Core/Src/stm32f4xx_it.c ****   /* USER CODE BEGIN TIM3_IRQn 1 */
 264:Core/Src/stm32f4xx_it.c ****   if(led_state == 0){
 367              		.loc 1 264 3 view .LVU54
 368              		.loc 1 264 16 is_stmt 0 view .LVU55
 369 0008 094B     		ldr	r3, .L30+4
 370 000a 1B68     		ldr	r3, [r3]
 371              		.loc 1 264 5 view .LVU56
 372 000c 4BB9     		cbnz	r3, .L27
 265:Core/Src/stm32f4xx_it.c ****     led_state = 1;
 373              		.loc 1 265 5 is_stmt 1 view .LVU57
 374              		.loc 1 265 15 is_stmt 0 view .LVU58
 375 000e 084B     		ldr	r3, .L30+4
ARM GAS  C:\Users\valer\AppData\Local\Temp\cch1KPZS.s 			page 12


 376 0010 0122     		movs	r2, #1
 377 0012 1A60     		str	r2, [r3]
 378              	.L28:
 266:Core/Src/stm32f4xx_it.c ****   }else{
 267:Core/Src/stm32f4xx_it.c ****     led_state = 0;
 268:Core/Src/stm32f4xx_it.c ****   }
 269:Core/Src/stm32f4xx_it.c ****   HAL_GPIO_WritePin(LD2_GPIO_Port, LD2_Pin, led_state);
 379              		.loc 1 269 3 is_stmt 1 view .LVU59
 380 0014 064B     		ldr	r3, .L30+4
 381 0016 1A78     		ldrb	r2, [r3]	@ zero_extendqisi2
 382 0018 2021     		movs	r1, #32
 383 001a 0648     		ldr	r0, .L30+8
 384 001c FFF7FEFF 		bl	HAL_GPIO_WritePin
 385              	.LVL9:
 270:Core/Src/stm32f4xx_it.c ****   /* USER CODE END TIM3_IRQn 1 */
 271:Core/Src/stm32f4xx_it.c **** }
 386              		.loc 1 271 1 is_stmt 0 view .LVU60
 387 0020 08BD     		pop	{r3, pc}
 388              	.L27:
 267:Core/Src/stm32f4xx_it.c ****   }
 389              		.loc 1 267 5 is_stmt 1 view .LVU61
 267:Core/Src/stm32f4xx_it.c ****   }
 390              		.loc 1 267 15 is_stmt 0 view .LVU62
 391 0022 034B     		ldr	r3, .L30+4
 392 0024 0022     		movs	r2, #0
 393 0026 1A60     		str	r2, [r3]
 394 0028 F4E7     		b	.L28
 395              	.L31:
 396 002a 00BF     		.align	2
 397              	.L30:
 398 002c 00000000 		.word	htim3
 399 0030 00000000 		.word	led_state
 400 0034 00000240 		.word	1073872896
 401              		.cfi_endproc
 402              	.LFE253:
 404              		.section	.text.EXTI15_10_IRQHandler,"ax",%progbits
 405              		.align	1
 406              		.global	EXTI15_10_IRQHandler
 407              		.syntax unified
 408              		.thumb
 409              		.thumb_func
 411              	EXTI15_10_IRQHandler:
 412              	.LFB254:
 272:Core/Src/stm32f4xx_it.c **** 
 273:Core/Src/stm32f4xx_it.c **** /**
 274:Core/Src/stm32f4xx_it.c ****   * @brief This function handles EXTI line[15:10] interrupts.
 275:Core/Src/stm32f4xx_it.c ****   */
 276:Core/Src/stm32f4xx_it.c **** void EXTI15_10_IRQHandler(void)
 277:Core/Src/stm32f4xx_it.c **** {
 413              		.loc 1 277 1 is_stmt 1 view -0
 414              		.cfi_startproc
 415              		@ args = 0, pretend = 0, frame = 0
 416              		@ frame_needed = 0, uses_anonymous_args = 0
 417 0000 08B5     		push	{r3, lr}
 418              		.cfi_def_cfa_offset 8
 419              		.cfi_offset 3, -8
 420              		.cfi_offset 14, -4
ARM GAS  C:\Users\valer\AppData\Local\Temp\cch1KPZS.s 			page 13


 278:Core/Src/stm32f4xx_it.c ****   /* USER CODE BEGIN EXTI15_10_IRQn 0 */
 279:Core/Src/stm32f4xx_it.c ****   if(HAL_GPIO_ReadPin(B1_GPIO_Port, B1_Pin)){
 421              		.loc 1 279 3 view .LVU64
 422              		.loc 1 279 6 is_stmt 0 view .LVU65
 423 0002 4FF40051 		mov	r1, #8192
 424 0006 0648     		ldr	r0, .L36
 425 0008 FFF7FEFF 		bl	HAL_GPIO_ReadPin
 426              	.LVL10:
 427              		.loc 1 279 5 discriminator 1 view .LVU66
 428 000c 20B9     		cbnz	r0, .L35
 429              	.L33:
 280:Core/Src/stm32f4xx_it.c ****     button_pressed(&fsm);
 281:Core/Src/stm32f4xx_it.c ****   }
 282:Core/Src/stm32f4xx_it.c ****   /* USER CODE END EXTI15_10_IRQn 0 */
 283:Core/Src/stm32f4xx_it.c ****   HAL_GPIO_EXTI_IRQHandler(B1_Pin);
 430              		.loc 1 283 3 is_stmt 1 view .LVU67
 431 000e 4FF40050 		mov	r0, #8192
 432 0012 FFF7FEFF 		bl	HAL_GPIO_EXTI_IRQHandler
 433              	.LVL11:
 284:Core/Src/stm32f4xx_it.c ****   /* USER CODE BEGIN EXTI15_10_IRQn 1 */
 285:Core/Src/stm32f4xx_it.c ****   
 286:Core/Src/stm32f4xx_it.c ****   /* USER CODE END EXTI15_10_IRQn 1 */
 287:Core/Src/stm32f4xx_it.c **** }
 434              		.loc 1 287 1 is_stmt 0 view .LVU68
 435 0016 08BD     		pop	{r3, pc}
 436              	.L35:
 280:Core/Src/stm32f4xx_it.c ****     button_pressed(&fsm);
 437              		.loc 1 280 5 is_stmt 1 view .LVU69
 438 0018 0248     		ldr	r0, .L36+4
 439 001a FFF7FEFF 		bl	button_pressed
 440              	.LVL12:
 441 001e F6E7     		b	.L33
 442              	.L37:
 443              		.align	2
 444              	.L36:
 445 0020 00080240 		.word	1073874944
 446 0024 00000000 		.word	fsm
 447              		.cfi_endproc
 448              	.LFE254:
 450              		.section	.text.DMA2_Stream0_IRQHandler,"ax",%progbits
 451              		.align	1
 452              		.global	DMA2_Stream0_IRQHandler
 453              		.syntax unified
 454              		.thumb
 455              		.thumb_func
 457              	DMA2_Stream0_IRQHandler:
 458              	.LFB255:
 288:Core/Src/stm32f4xx_it.c **** 
 289:Core/Src/stm32f4xx_it.c **** /**
 290:Core/Src/stm32f4xx_it.c ****   * @brief This function handles DMA2 stream0 global interrupt.
 291:Core/Src/stm32f4xx_it.c ****   */
 292:Core/Src/stm32f4xx_it.c **** void DMA2_Stream0_IRQHandler(void)
 293:Core/Src/stm32f4xx_it.c **** {
 459              		.loc 1 293 1 view -0
 460              		.cfi_startproc
 461              		@ args = 0, pretend = 0, frame = 0
 462              		@ frame_needed = 0, uses_anonymous_args = 0
ARM GAS  C:\Users\valer\AppData\Local\Temp\cch1KPZS.s 			page 14


 463 0000 08B5     		push	{r3, lr}
 464              		.cfi_def_cfa_offset 8
 465              		.cfi_offset 3, -8
 466              		.cfi_offset 14, -4
 294:Core/Src/stm32f4xx_it.c ****   /* USER CODE BEGIN DMA2_Stream0_IRQn 0 */
 295:Core/Src/stm32f4xx_it.c **** 
 296:Core/Src/stm32f4xx_it.c ****   /* USER CODE END DMA2_Stream0_IRQn 0 */
 297:Core/Src/stm32f4xx_it.c ****   HAL_DMA_IRQHandler(&hdma_adc1);
 467              		.loc 1 297 3 view .LVU71
 468 0002 0748     		ldr	r0, .L42
 469 0004 FFF7FEFF 		bl	HAL_DMA_IRQHandler
 470              	.LVL13:
 298:Core/Src/stm32f4xx_it.c ****   /* USER CODE BEGIN DMA2_Stream0_IRQn 1 */
 299:Core/Src/stm32f4xx_it.c ****   if(HAL_GPIO_ReadPin(GPIOB, GPIO_PIN_13)){
 471              		.loc 1 299 3 view .LVU72
 472              		.loc 1 299 6 is_stmt 0 view .LVU73
 473 0008 4FF40051 		mov	r1, #8192
 474 000c 0548     		ldr	r0, .L42+4
 475 000e FFF7FEFF 		bl	HAL_GPIO_ReadPin
 476              	.LVL14:
 477              		.loc 1 299 5 discriminator 1 view .LVU74
 478 0012 00B9     		cbnz	r0, .L41
 479              	.L38:
 300:Core/Src/stm32f4xx_it.c ****     button_pressed(&fsm);
 301:Core/Src/stm32f4xx_it.c ****   }
 302:Core/Src/stm32f4xx_it.c ****   /* USER CODE END DMA2_Stream0_IRQn 1 */
 303:Core/Src/stm32f4xx_it.c **** }
 480              		.loc 1 303 1 view .LVU75
 481 0014 08BD     		pop	{r3, pc}
 482              	.L41:
 300:Core/Src/stm32f4xx_it.c ****     button_pressed(&fsm);
 483              		.loc 1 300 5 is_stmt 1 view .LVU76
 484 0016 0448     		ldr	r0, .L42+8
 485 0018 FFF7FEFF 		bl	button_pressed
 486              	.LVL15:
 487              		.loc 1 303 1 is_stmt 0 view .LVU77
 488 001c FAE7     		b	.L38
 489              	.L43:
 490 001e 00BF     		.align	2
 491              	.L42:
 492 0020 00000000 		.word	hdma_adc1
 493 0024 00040240 		.word	1073873920
 494 0028 00000000 		.word	fsm
 495              		.cfi_endproc
 496              	.LFE255:
 498              		.global	is_magnet_detected
 499              		.section	.bss.is_magnet_detected,"aw",%nobits
 500              		.align	2
 503              	is_magnet_detected:
 504 0000 00000000 		.space	4
 505              		.global	led_state
 506              		.section	.bss.led_state,"aw",%nobits
 507              		.align	2
 510              	led_state:
 511 0000 00000000 		.space	4
 512              		.text
 513              	.Letext0:
ARM GAS  C:\Users\valer\AppData\Local\Temp\cch1KPZS.s 			page 15


 514              		.file 2 "C:/Users/valer/AppData/Roaming/Code/User/globalStorage/bmd.stm32-for-vscode/@xpack-dev-to
 515              		.file 3 "C:/Users/valer/AppData/Roaming/Code/User/globalStorage/bmd.stm32-for-vscode/@xpack-dev-to
 516              		.file 4 "Drivers/CMSIS/Device/ST/STM32F4xx/Include/stm32f446xx.h"
 517              		.file 5 "C:/Users/valer/AppData/Roaming/Code/User/globalStorage/bmd.stm32-for-vscode/@xpack-dev-to
 518              		.file 6 "Drivers/STM32F4xx_HAL_Driver/Inc/stm32f4xx_hal_def.h"
 519              		.file 7 "Drivers/STM32F4xx_HAL_Driver/Inc/stm32f4xx_hal_gpio.h"
 520              		.file 8 "Drivers/STM32F4xx_HAL_Driver/Inc/stm32f4xx_hal_dma.h"
 521              		.file 9 "Drivers/STM32F4xx_HAL_Driver/Inc/stm32f4xx_hal_tim.h"
 522              		.file 10 "Drivers/STM32F4xx_HAL_Driver/Inc/stm32f4xx_hal_uart.h"
 523              		.file 11 "Core/Inc/fsm_controller.h"
 524              		.file 12 "C:/Users/valer/AppData/Roaming/Code/User/globalStorage/bmd.stm32-for-vscode/@xpack-dev-t
 525              		.file 13 "C:/Users/valer/AppData/Roaming/Code/User/globalStorage/bmd.stm32-for-vscode/@xpack-dev-t
 526              		.file 14 "Drivers/STM32F4xx_HAL_Driver/Inc/stm32f4xx_hal.h"
ARM GAS  C:\Users\valer\AppData\Local\Temp\cch1KPZS.s 			page 16


DEFINED SYMBOLS
                            *ABS*:00000000 stm32f4xx_it.c
C:\Users\valer\AppData\Local\Temp\cch1KPZS.s:21     .text.NMI_Handler:00000000 $t
C:\Users\valer\AppData\Local\Temp\cch1KPZS.s:27     .text.NMI_Handler:00000000 NMI_Handler
C:\Users\valer\AppData\Local\Temp\cch1KPZS.s:44     .text.HardFault_Handler:00000000 $t
C:\Users\valer\AppData\Local\Temp\cch1KPZS.s:50     .text.HardFault_Handler:00000000 HardFault_Handler
C:\Users\valer\AppData\Local\Temp\cch1KPZS.s:67     .text.MemManage_Handler:00000000 $t
C:\Users\valer\AppData\Local\Temp\cch1KPZS.s:73     .text.MemManage_Handler:00000000 MemManage_Handler
C:\Users\valer\AppData\Local\Temp\cch1KPZS.s:90     .text.BusFault_Handler:00000000 $t
C:\Users\valer\AppData\Local\Temp\cch1KPZS.s:96     .text.BusFault_Handler:00000000 BusFault_Handler
C:\Users\valer\AppData\Local\Temp\cch1KPZS.s:113    .text.UsageFault_Handler:00000000 $t
C:\Users\valer\AppData\Local\Temp\cch1KPZS.s:119    .text.UsageFault_Handler:00000000 UsageFault_Handler
C:\Users\valer\AppData\Local\Temp\cch1KPZS.s:136    .text.SVC_Handler:00000000 $t
C:\Users\valer\AppData\Local\Temp\cch1KPZS.s:142    .text.SVC_Handler:00000000 SVC_Handler
C:\Users\valer\AppData\Local\Temp\cch1KPZS.s:155    .text.DebugMon_Handler:00000000 $t
C:\Users\valer\AppData\Local\Temp\cch1KPZS.s:161    .text.DebugMon_Handler:00000000 DebugMon_Handler
C:\Users\valer\AppData\Local\Temp\cch1KPZS.s:174    .text.PendSV_Handler:00000000 $t
C:\Users\valer\AppData\Local\Temp\cch1KPZS.s:180    .text.PendSV_Handler:00000000 PendSV_Handler
C:\Users\valer\AppData\Local\Temp\cch1KPZS.s:193    .text.SysTick_Handler:00000000 $t
C:\Users\valer\AppData\Local\Temp\cch1KPZS.s:199    .text.SysTick_Handler:00000000 SysTick_Handler
C:\Users\valer\AppData\Local\Temp\cch1KPZS.s:218    .rodata.EXTI0_IRQHandler.str1.4:00000000 $d
C:\Users\valer\AppData\Local\Temp\cch1KPZS.s:222    .text.EXTI0_IRQHandler:00000000 $t
C:\Users\valer\AppData\Local\Temp\cch1KPZS.s:228    .text.EXTI0_IRQHandler:00000000 EXTI0_IRQHandler
C:\Users\valer\AppData\Local\Temp\cch1KPZS.s:281    .text.EXTI0_IRQHandler:00000040 $d
C:\Users\valer\AppData\Local\Temp\cch1KPZS.s:503    .bss.is_magnet_detected:00000000 is_magnet_detected
C:\Users\valer\AppData\Local\Temp\cch1KPZS.s:289    .text.TIM2_IRQHandler:00000000 $t
C:\Users\valer\AppData\Local\Temp\cch1KPZS.s:295    .text.TIM2_IRQHandler:00000000 TIM2_IRQHandler
C:\Users\valer\AppData\Local\Temp\cch1KPZS.s:340    .text.TIM2_IRQHandler:0000002c $d
C:\Users\valer\AppData\Local\Temp\cch1KPZS.s:510    .bss.led_state:00000000 led_state
C:\Users\valer\AppData\Local\Temp\cch1KPZS.s:347    .text.TIM3_IRQHandler:00000000 $t
C:\Users\valer\AppData\Local\Temp\cch1KPZS.s:353    .text.TIM3_IRQHandler:00000000 TIM3_IRQHandler
C:\Users\valer\AppData\Local\Temp\cch1KPZS.s:398    .text.TIM3_IRQHandler:0000002c $d
C:\Users\valer\AppData\Local\Temp\cch1KPZS.s:405    .text.EXTI15_10_IRQHandler:00000000 $t
C:\Users\valer\AppData\Local\Temp\cch1KPZS.s:411    .text.EXTI15_10_IRQHandler:00000000 EXTI15_10_IRQHandler
C:\Users\valer\AppData\Local\Temp\cch1KPZS.s:445    .text.EXTI15_10_IRQHandler:00000020 $d
C:\Users\valer\AppData\Local\Temp\cch1KPZS.s:451    .text.DMA2_Stream0_IRQHandler:00000000 $t
C:\Users\valer\AppData\Local\Temp\cch1KPZS.s:457    .text.DMA2_Stream0_IRQHandler:00000000 DMA2_Stream0_IRQHandler
C:\Users\valer\AppData\Local\Temp\cch1KPZS.s:492    .text.DMA2_Stream0_IRQHandler:00000020 $d
C:\Users\valer\AppData\Local\Temp\cch1KPZS.s:500    .bss.is_magnet_detected:00000000 $d
C:\Users\valer\AppData\Local\Temp\cch1KPZS.s:507    .bss.led_state:00000000 $d

UNDEFINED SYMBOLS
HAL_IncTick
HAL_GPIO_ReadPin
sprintf
strlen
HAL_UART_Transmit
HAL_GPIO_EXTI_IRQHandler
huart2
HAL_TIM_IRQHandler
HAL_GPIO_WritePin
htim2
htim3
button_pressed
fsm
HAL_DMA_IRQHandler
hdma_adc1
ARM GAS  C:\Users\valer\AppData\Local\Temp\cch1KPZS.s 			page 17


